ARPSPOOFER; 2019-05-09 23:23:01; INFO; Initializing ARPspoofer...
ARPSPOOFER; 2019-05-09 23:23:01; INFO; Loading config...
ARPSPOOFER; 2019-05-09 23:23:01; WARNING; Used kernel ipv4 forwarding feature.
ARPSPOOFER; 2019-05-09 23:23:01; INFO; Kernel IPv4 forwarding enabled
ARPSPOOFER; 2019-05-09 23:23:01; CRITICAL; IP of gateway not specified! Using default one: 192.168.0.1
DNSSPOOFER; 2019-05-09 23:23:01; DEBUG; Inserting iptables rules:  iptables -I FORWARD -j NFQUEUE --queue-num 1
ARPSPOOFER; 2019-05-09 23:23:01; DEBUG; Iterating...
ARPSPOOFER; 2019-05-09 23:23:24; INFO; Initializing ARPspoofer...
ARPSPOOFER; 2019-05-09 23:23:24; INFO; Loading config...
ARPSPOOFER; 2019-05-09 23:23:24; WARNING; Used kernel ipv4 forwarding feature.
ARPSPOOFER; 2019-05-09 23:23:24; INFO; Kernel IPv4 forwarding enabled
ARPSPOOFER; 2019-05-09 23:23:24; CRITICAL; IP of gateway not specified! Using default one: 192.168.0.1
DNSSPOOFER; 2019-05-09 23:23:24; DEBUG; Inserting iptables rules:  iptables -I FORWARD -j NFQUEUE --queue-num 1
ARPSPOOFER; 2019-05-09 23:23:24; DEBUG; Iterating...
ARPSPOOFER; 2019-05-09 23:25:06; INFO; Initializing ARPspoofer...
ARPSPOOFER; 2019-05-09 23:25:06; INFO; Loading config...
ARPSPOOFER; 2019-05-09 23:25:06; WARNING; Used kernel ipv4 forwarding feature.
ARPSPOOFER; 2019-05-09 23:25:06; INFO; Kernel IPv4 forwarding enabled
ARPSPOOFER; 2019-05-09 23:25:06; CRITICAL; IP of gateway not specified! Using default one: 192.168.0.1
DNSSPOOFER; 2019-05-09 23:25:07; DEBUG; Inserting iptables rules:  iptables -I FORWARD -j NFQUEUE --queue-num 1
ARPSPOOFER; 2019-05-09 23:25:07; DEBUG; Iterating...
ARPSPOOFER; 2019-05-09 23:33:29; INFO; Initializing ARPspoofer...
ARPSPOOFER; 2019-05-09 23:33:29; INFO; Loading config...
ARPSPOOFER; 2019-05-09 23:33:29; WARNING; Used kernel ipv4 forwarding feature.
ARPSPOOFER; 2019-05-09 23:33:29; INFO; Kernel IPv4 forwarding enabled
ARPSPOOFER; 2019-05-09 23:33:29; CRITICAL; IP of gateway not specified! Using default one: 192.168.0.1
DNSSPOOFER; 2019-05-09 23:33:29; DEBUG; Inserting iptables rules:  iptables -I FORWARD -j NFQUEUE --queue-num 1
ARPSPOOFER; 2019-05-09 23:33:29; DEBUG; Iterating...
DNSSPOOFER; 2019-05-09 23:33:47; DEBUG; Inserting iptables rules:  iptables -I FORWARD -j NFQUEUE --queue-num 1
DNSSPOOFER; 2019-05-09 23:34:38; DEBUG; Inserting iptables rules: iptables -I FORWARD -j NFQUEUE --queue-num 1
ARPSPOOFER; 2019-05-09 23:54:23; INFO; Initializing ARPspoofer...
ARPSPOOFER; 2019-05-09 23:54:23; INFO; Loading config...
ARPSPOOFER; 2019-05-09 23:54:23; WARNING; Used kernel ipv4 forwarding feature.
ARPSPOOFER; 2019-05-09 23:54:23; INFO; Kernel IPv4 forwarding enabled
ARPSPOOFER; 2019-05-09 23:54:23; CRITICAL; IP of gateway not specified! Using default one: 192.168.0.1
ARPSPOOFER; 2019-05-09 23:54:23; DEBUG; Iterating...
ARPSPOOFER; 2019-05-09 23:54:56; INFO; Initializing ARPspoofer...
ARPSPOOFER; 2019-05-09 23:54:56; INFO; Loading config...
ARPSPOOFER; 2019-05-09 23:54:56; WARNING; Used kernel ipv4 forwarding feature.
ARPSPOOFER; 2019-05-09 23:54:56; INFO; Kernel IPv4 forwarding enabled
ARPSPOOFER; 2019-05-09 23:54:56; CRITICAL; IP of gateway not specified! Using default one: 192.168.0.1
ARPSPOOFER; 2019-05-09 23:54:58; DEBUG; Iterating...
ARPSPOOFER; 2019-05-09 23:57:58; INFO; Initializing ARPspoofer...
ARPSPOOFER; 2019-05-09 23:57:58; INFO; Loading config...
ARPSPOOFER; 2019-05-09 23:57:58; WARNING; Used kernel ipv4 forwarding feature.
ARPSPOOFER; 2019-05-09 23:57:58; INFO; Kernel IPv4 forwarding enabled
ARPSPOOFER; 2019-05-09 23:57:58; CRITICAL; IP of gateway not specified! Using default one: 192.168.0.1
ARPSPOOFER; 2019-05-09 23:57:58; DEBUG; Iterating...
ARPSPOOFER; 2019-05-10 00:00:10; INFO; Initializing ARPspoofer...
ARPSPOOFER; 2019-05-10 00:00:10; INFO; Loading config...
ARPSPOOFER; 2019-05-10 00:00:10; WARNING; Used kernel ipv4 forwarding feature.
ARPSPOOFER; 2019-05-10 00:00:10; INFO; Kernel IPv4 forwarding enabled
ARPSPOOFER; 2019-05-10 00:00:10; CRITICAL; IP of gateway not specified! Using default one: 192.168.0.1
ARPSPOOFER; 2019-05-10 00:00:10; DEBUG; Iterating...
ARPSPOOFER; 2019-05-10 00:00:40; INFO; Initializing ARPspoofer...
ARPSPOOFER; 2019-05-10 00:00:40; INFO; Loading config...
ARPSPOOFER; 2019-05-10 00:00:40; WARNING; Used kernel ipv4 forwarding feature.
ARPSPOOFER; 2019-05-10 00:00:40; INFO; Kernel IPv4 forwarding enabled
ARPSPOOFER; 2019-05-10 00:00:40; CRITICAL; IP of gateway not specified! Using default one: 192.168.0.1
ARPSPOOFER; 2019-05-10 00:00:40; DEBUG; Iterating...
ARPSPOOFER; 2019-05-10 00:01:46; INFO; Initializing ARPspoofer...
ARPSPOOFER; 2019-05-10 00:01:46; INFO; Loading config...
ARPSPOOFER; 2019-05-10 00:01:46; WARNING; Used kernel ipv4 forwarding feature.
ARPSPOOFER; 2019-05-10 00:01:46; INFO; Kernel IPv4 forwarding enabled
ARPSPOOFER; 2019-05-10 00:01:46; CRITICAL; IP of gateway not specified! Using default one: 192.168.0.1
ARPSPOOFER; 2019-05-10 00:01:46; DEBUG; Iterating...
ARPSPOOFER; 2019-05-10 00:04:23; INFO; Initializing ARPspoofer...
ARPSPOOFER; 2019-05-10 00:04:23; INFO; Loading config...
ARPSPOOFER; 2019-05-10 00:04:23; WARNING; Used kernel ipv4 forwarding feature.
ARPSPOOFER; 2019-05-10 00:04:23; INFO; Kernel IPv4 forwarding enabled
ARPSPOOFER; 2019-05-10 00:04:23; CRITICAL; IP of gateway not specified! Using default one: 192.168.0.1
ARPSPOOFER; 2019-05-10 00:04:23; DEBUG; Iterating...
ARPSPOOFER; 2019-05-10 00:05:29; INFO; Initializing ARPspoofer...
ARPSPOOFER; 2019-05-10 00:05:29; INFO; Loading config...
ARPSPOOFER; 2019-05-10 00:05:29; WARNING; Used kernel ipv4 forwarding feature.
ARPSPOOFER; 2019-05-10 00:05:29; INFO; Kernel IPv4 forwarding enabled
ARPSPOOFER; 2019-05-10 00:05:29; CRITICAL; IP of gateway not specified! Using default one: 192.168.0.1
ARPSPOOFER; 2019-05-10 00:05:30; DEBUG; Iterating...
ARPSPOOFER; 2019-05-10 00:07:10; INFO; Initializing ARPspoofer...
ARPSPOOFER; 2019-05-10 00:07:10; INFO; Loading config...
ARPSPOOFER; 2019-05-10 00:07:10; WARNING; Used kernel ipv4 forwarding feature.
ARPSPOOFER; 2019-05-10 00:07:10; INFO; Kernel IPv4 forwarding enabled
ARPSPOOFER; 2019-05-10 00:07:10; CRITICAL; IP of gateway not specified! Using default one: 192.168.0.1
ARPSPOOFER; 2019-05-10 00:07:10; DEBUG; Iterating...
ARPSPOOFER; 2019-05-10 00:11:29; INFO; Initializing ARPspoofer...
ARPSPOOFER; 2019-05-10 00:11:29; INFO; Loading config...
ARPSPOOFER; 2019-05-10 00:11:29; WARNING; Used kernel ipv4 forwarding feature.
ARPSPOOFER; 2019-05-10 00:11:29; INFO; Kernel IPv4 forwarding enabled
ARPSPOOFER; 2019-05-10 00:11:29; CRITICAL; IP of gateway not specified! Using default one: 192.168.0.1
ARPSPOOFER; 2019-05-10 00:11:29; DEBUG; Iterating...
ARPSPOOFER; 2019-05-10 00:12:02; INFO; Initializing ARPspoofer...
ARPSPOOFER; 2019-05-10 00:12:02; INFO; Loading config...
ARPSPOOFER; 2019-05-10 00:12:02; WARNING; Used kernel ipv4 forwarding feature.
ARPSPOOFER; 2019-05-10 00:12:02; INFO; Kernel IPv4 forwarding enabled
ARPSPOOFER; 2019-05-10 00:12:02; CRITICAL; IP of gateway not specified! Using default one: 192.168.0.1
ARPSPOOFER; 2019-05-10 00:12:02; DEBUG; Iterating...
ARPSPOOFER; 2019-05-10 00:12:22; INFO; Initializing ARPspoofer...
ARPSPOOFER; 2019-05-10 00:12:22; INFO; Loading config...
ARPSPOOFER; 2019-05-10 00:12:22; WARNING; Used kernel ipv4 forwarding feature.
ARPSPOOFER; 2019-05-10 00:12:22; INFO; Kernel IPv4 forwarding enabled
ARPSPOOFER; 2019-05-10 00:12:22; CRITICAL; IP of gateway not specified! Using default one: 192.168.0.1
ARPSPOOFER; 2019-05-10 00:12:22; DEBUG; Iterating...
ARPSPOOFER; 2019-05-10 00:12:37; INFO; Initializing ARPspoofer...
ARPSPOOFER; 2019-05-10 00:12:37; INFO; Loading config...
ARPSPOOFER; 2019-05-10 00:12:37; WARNING; Used kernel ipv4 forwarding feature.
ARPSPOOFER; 2019-05-10 00:12:37; INFO; Kernel IPv4 forwarding enabled
ARPSPOOFER; 2019-05-10 00:12:37; CRITICAL; IP of gateway not specified! Using default one: 192.168.0.1
ARPSPOOFER; 2019-05-10 00:12:38; DEBUG; Iterating...
ARPSPOOFER; 2019-05-10 00:12:58; INFO; Initializing ARPspoofer...
ARPSPOOFER; 2019-05-10 00:12:58; INFO; Loading config...
ARPSPOOFER; 2019-05-10 00:12:58; WARNING; Used kernel ipv4 forwarding feature.
ARPSPOOFER; 2019-05-10 00:12:58; INFO; Kernel IPv4 forwarding enabled
ARPSPOOFER; 2019-05-10 00:12:58; CRITICAL; IP of gateway not specified! Using default one: 192.168.0.1
ARPSPOOFER; 2019-05-10 00:12:59; DEBUG; Iterating...
ARPSPOOFER; 2019-05-10 00:13:26; INFO; Initializing ARPspoofer...
ARPSPOOFER; 2019-05-10 00:13:26; INFO; Loading config...
ARPSPOOFER; 2019-05-10 00:13:26; WARNING; Used kernel ipv4 forwarding feature.
ARPSPOOFER; 2019-05-10 00:13:26; INFO; Kernel IPv4 forwarding enabled
ARPSPOOFER; 2019-05-10 00:13:26; CRITICAL; IP of gateway not specified! Using default one: 192.168.0.1
ARPSPOOFER; 2019-05-10 00:13:26; DEBUG; Iterating...
ARPSPOOFER; 2019-05-10 00:14:05; INFO; Initializing ARPspoofer...
ARPSPOOFER; 2019-05-10 00:14:05; INFO; Loading config...
ARPSPOOFER; 2019-05-10 00:14:05; WARNING; Used kernel ipv4 forwarding feature.
ARPSPOOFER; 2019-05-10 00:14:05; INFO; Kernel IPv4 forwarding enabled
ARPSPOOFER; 2019-05-10 00:14:05; CRITICAL; IP of gateway not specified! Using default one: 192.168.0.1
ARPSPOOFER; 2019-05-10 00:14:05; DEBUG; Iterating...
ARPSPOOFER; 2019-05-10 00:14:05; DEBUG; Iterating...
ARPSPOOFER; 2019-05-10 00:14:05; DEBUG; Iterating...
ARPSPOOFER; 2019-05-10 00:14:05; DEBUG; Iterating...
ARPSPOOFER; 2019-05-10 00:14:05; DEBUG; Iterating...
ARPSPOOFER; 2019-05-10 00:14:05; DEBUG; Iterating...
ARPSPOOFER; 2019-05-10 00:14:06; DEBUG; Iterating...
ARPSPOOFER; 2019-05-10 00:14:06; DEBUG; Iterating...
ARPSPOOFER; 2019-05-10 00:14:06; DEBUG; Iterating...
ARPSPOOFER; 2019-05-10 00:14:06; DEBUG; Iterating...
ARPSPOOFER; 2019-05-10 00:14:06; DEBUG; Iterating...
ARPSPOOFER; 2019-05-10 00:14:06; DEBUG; Iterating...
ARPSPOOFER; 2019-05-10 00:14:06; DEBUG; Iterating...
ARPSPOOFER; 2019-05-10 00:14:06; DEBUG; Iterating...
ARPSPOOFER; 2019-05-10 00:14:06; DEBUG; Iterating...
ARPSPOOFER; 2019-05-10 00:14:06; DEBUG; Iterating...
ARPSPOOFER; 2019-05-10 00:14:07; DEBUG; Iterating...
ARPSPOOFER; 2019-05-10 00:14:07; DEBUG; Iterating...
ARPSPOOFER; 2019-05-10 00:14:07; DEBUG; Iterating...
ARPSPOOFER; 2019-05-10 00:14:07; DEBUG; Iterating...
ARPSPOOFER; 2019-05-10 00:14:07; DEBUG; Iterating...
ARPSPOOFER; 2019-05-10 00:14:07; DEBUG; Iterating...
ARPSPOOFER; 2019-05-10 00:14:07; DEBUG; Iterating...
ARPSPOOFER; 2019-05-10 00:14:07; DEBUG; Iterating...
ARPSPOOFER; 2019-05-10 00:14:07; DEBUG; Iterating...
ARPSPOOFER; 2019-05-10 00:14:07; DEBUG; Iterating...
ARPSPOOFER; 2019-05-10 00:14:32; INFO; Initializing ARPspoofer...
ARPSPOOFER; 2019-05-10 00:14:32; INFO; Loading config...
ARPSPOOFER; 2019-05-10 00:14:32; WARNING; Used kernel ipv4 forwarding feature.
ARPSPOOFER; 2019-05-10 00:14:32; INFO; Kernel IPv4 forwarding enabled
ARPSPOOFER; 2019-05-10 00:14:32; CRITICAL; IP of gateway not specified! Using default one: 192.168.0.1
ARPSPOOFER; 2019-05-10 00:14:33; DEBUG; Iterating...
ARPSPOOFER; 2019-05-10 00:14:33; DEBUG; Iterating...
ARPSPOOFER; 2019-05-10 00:14:33; DEBUG; Iterating...
ARPSPOOFER; 2019-05-10 00:14:33; DEBUG; Iterating...
ARPSPOOFER; 2019-05-10 00:14:33; DEBUG; Iterating...
ARPSPOOFER; 2019-05-10 00:14:33; DEBUG; Iterating...
ARPSPOOFER; 2019-05-10 00:14:33; DEBUG; Iterating...
ARPSPOOFER; 2019-05-10 00:14:33; DEBUG; Iterating...
ARPSPOOFER; 2019-05-10 00:14:34; DEBUG; Iterating...
ARPSPOOFER; 2019-05-10 00:14:34; DEBUG; Iterating...
ARPSPOOFER; 2019-05-10 00:14:34; DEBUG; Iterating...
ARPSPOOFER; 2019-05-10 00:14:34; DEBUG; Iterating...
ARPSPOOFER; 2019-05-10 00:14:34; DEBUG; Iterating...
ARPSPOOFER; 2019-05-10 00:14:34; DEBUG; Iterating...
ARPSPOOFER; 2019-05-10 00:14:34; DEBUG; Iterating...
ARPSPOOFER; 2019-05-10 00:14:34; DEBUG; Iterating...
ARPSPOOFER; 2019-05-10 00:14:34; DEBUG; Iterating...
ARPSPOOFER; 2019-05-10 00:14:34; DEBUG; Iterating...
ARPSPOOFER; 2019-05-10 00:14:35; DEBUG; Iterating...
ARPSPOOFER; 2019-05-10 00:14:35; DEBUG; Iterating...
ARPSPOOFER; 2019-05-10 00:14:35; DEBUG; Iterating...
ARPSPOOFER; 2019-05-10 00:14:35; DEBUG; Iterating...
ARPSPOOFER; 2019-05-10 00:14:35; DEBUG; Iterating...
ARPSPOOFER; 2019-05-10 00:14:35; DEBUG; Iterating...
ARPSPOOFER; 2019-05-10 00:14:35; DEBUG; Iterating...
ARPSPOOFER; 2019-05-10 00:14:35; DEBUG; Iterating...
ARPSPOOFER; 2019-05-10 00:15:47; INFO; Initializing ARPspoofer...
ARPSPOOFER; 2019-05-10 00:15:47; INFO; Loading config...
ARPSPOOFER; 2019-05-10 00:15:47; WARNING; Used kernel ipv4 forwarding feature.
ARPSPOOFER; 2019-05-10 00:15:47; INFO; Kernel IPv4 forwarding enabled
ARPSPOOFER; 2019-05-10 00:15:47; CRITICAL; IP of gateway not specified! Using default one: 192.168.0.1
ARPSPOOFER; 2019-05-10 00:15:47; DEBUG; Iterating...
ARPSPOOFER; 2019-05-10 00:15:48; DEBUG; Iterating...
ARPSPOOFER; 2019-05-10 00:15:48; DEBUG; Iterating...
ARPSPOOFER; 2019-05-10 00:15:48; DEBUG; Iterating...
ARPSPOOFER; 2019-05-10 00:15:48; DEBUG; Iterating...
ARPSPOOFER; 2019-05-10 00:15:48; DEBUG; Iterating...
ARPSPOOFER; 2019-05-10 00:15:48; DEBUG; Iterating...
ARPSPOOFER; 2019-05-10 00:15:48; DEBUG; Iterating...
ARPSPOOFER; 2019-05-10 00:15:48; DEBUG; Iterating...
ARPSPOOFER; 2019-05-10 00:15:48; DEBUG; Iterating...
ARPSPOOFER; 2019-05-10 00:15:48; DEBUG; Iterating...
ARPSPOOFER; 2019-05-10 00:15:49; DEBUG; Iterating...
ARPSPOOFER; 2019-05-10 00:15:49; DEBUG; Iterating...
ARPSPOOFER; 2019-05-10 00:15:49; DEBUG; Iterating...
ARPSPOOFER; 2019-05-10 00:15:49; DEBUG; Iterating...
ARPSPOOFER; 2019-05-10 00:16:21; INFO; Initializing ARPspoofer...
ARPSPOOFER; 2019-05-10 00:16:21; INFO; Loading config...
ARPSPOOFER; 2019-05-10 00:16:21; WARNING; Used kernel ipv4 forwarding feature.
ARPSPOOFER; 2019-05-10 00:16:21; INFO; Kernel IPv4 forwarding enabled
ARPSPOOFER; 2019-05-10 00:16:21; CRITICAL; IP of gateway not specified! Using default one: 192.168.0.1
ARPSPOOFER; 2019-05-10 00:16:24; DEBUG; Iterating...
ARPSPOOFER; 2019-05-10 00:16:24; DEBUG; Iterating...
ARPSPOOFER; 2019-05-10 00:16:24; DEBUG; Iterating...
ARPSPOOFER; 2019-05-10 00:16:24; DEBUG; Iterating...
ARPSPOOFER; 2019-05-10 00:16:24; DEBUG; Iterating...
ARPSPOOFER; 2019-05-10 00:16:24; DEBUG; Iterating...
ARPSPOOFER; 2019-05-10 00:16:24; DEBUG; Iterating...
ARPSPOOFER; 2019-05-10 00:16:24; DEBUG; Iterating...
ARPSPOOFER; 2019-05-10 00:16:24; DEBUG; Iterating...
ARPSPOOFER; 2019-05-10 00:16:24; DEBUG; Iterating...
ARPSPOOFER; 2019-05-10 00:17:23; INFO; Initializing ARPspoofer...
ARPSPOOFER; 2019-05-10 00:17:23; INFO; Loading config...
ARPSPOOFER; 2019-05-10 00:17:23; WARNING; Used kernel ipv4 forwarding feature.
ARPSPOOFER; 2019-05-10 00:17:23; INFO; Kernel IPv4 forwarding enabled
ARPSPOOFER; 2019-05-10 00:17:23; CRITICAL; IP of gateway not specified! Using default one: 192.168.0.1
ARPSPOOFER; 2019-05-10 00:17:24; DEBUG; Iterating...
ARPSPOOFER; 2019-05-10 00:17:24; DEBUG; Iterating...
ARPSPOOFER; 2019-05-10 00:17:24; DEBUG; Iterating...
ARPSPOOFER; 2019-05-10 00:17:24; DEBUG; Iterating...
ARPSPOOFER; 2019-05-10 00:17:24; DEBUG; Iterating...
ARPSPOOFER; 2019-05-10 00:17:24; DEBUG; Iterating...
ARPSPOOFER; 2019-05-10 00:17:24; DEBUG; Iterating...
ARPSPOOFER; 2019-05-10 00:17:24; DEBUG; Iterating...
ARPSPOOFER; 2019-05-10 00:17:24; DEBUG; Iterating...
ARPSPOOFER; 2019-05-10 00:17:40; INFO; Initializing ARPspoofer...
ARPSPOOFER; 2019-05-10 00:17:40; INFO; Loading config...
ARPSPOOFER; 2019-05-10 00:17:40; WARNING; Used kernel ipv4 forwarding feature.
ARPSPOOFER; 2019-05-10 00:17:40; INFO; Kernel IPv4 forwarding enabled
ARPSPOOFER; 2019-05-10 00:17:40; CRITICAL; IP of gateway not specified! Using default one: 192.168.0.1
ARPSPOOFER; 2019-05-10 00:17:40; DEBUG; Iterating...
ARPSPOOFER; 2019-05-10 00:17:40; DEBUG; Iterating...
ARPSPOOFER; 2019-05-10 00:17:40; DEBUG; Iterating...
ARPSPOOFER; 2019-05-10 00:17:41; DEBUG; Iterating...
ARPSPOOFER; 2019-05-10 00:17:41; DEBUG; Iterating...
ARPSPOOFER; 2019-05-10 00:17:41; DEBUG; Iterating...
ARPSPOOFER; 2019-05-10 00:17:41; DEBUG; Iterating...
ARPSPOOFER; 2019-05-10 00:17:43; INFO; Initializing ARPspoofer...
ARPSPOOFER; 2019-05-10 00:17:43; INFO; Loading config...
ARPSPOOFER; 2019-05-10 00:17:43; WARNING; Used kernel ipv4 forwarding feature.
ARPSPOOFER; 2019-05-10 00:17:43; INFO; Kernel IPv4 forwarding enabled
ARPSPOOFER; 2019-05-10 00:17:43; CRITICAL; IP of gateway not specified! Using default one: 192.168.0.1
ARPSPOOFER; 2019-05-10 00:17:43; DEBUG; Iterating...
ARPSPOOFER; 2019-05-10 00:17:43; DEBUG; Iterating...
ARPSPOOFER; 2019-05-10 00:17:43; DEBUG; Iterating...
ARPSPOOFER; 2019-05-10 00:17:43; DEBUG; Iterating...
ARPSPOOFER; 2019-05-10 00:17:43; DEBUG; Iterating...
ARPSPOOFER; 2019-05-10 00:17:43; DEBUG; Iterating...
ARPSPOOFER; 2019-05-10 00:17:44; DEBUG; Iterating...
ARPSPOOFER; 2019-05-10 00:17:44; DEBUG; Iterating...
ARPSPOOFER; 2019-05-10 00:17:44; DEBUG; Iterating...
ARPSPOOFER; 2019-05-10 00:17:44; DEBUG; Iterating...
ARPSPOOFER; 2019-05-10 00:19:55; INFO; Initializing ARPspoofer...
ARPSPOOFER; 2019-05-10 00:19:55; INFO; Loading config...
ARPSPOOFER; 2019-05-10 00:19:55; WARNING; Used kernel ipv4 forwarding feature.
ARPSPOOFER; 2019-05-10 00:19:55; INFO; Kernel IPv4 forwarding enabled
ARPSPOOFER; 2019-05-10 00:19:55; CRITICAL; IP of gateway not specified! Using default one: 192.168.0.1
ARPSPOOFER; 2019-05-10 00:19:55; DEBUG; Iterating...
ARPSPOOFER; 2019-05-10 00:19:55; DEBUG; Iterating...
ARPSPOOFER; 2019-05-10 00:19:55; DEBUG; Iterating...
ARPSPOOFER; 2019-05-10 00:19:55; DEBUG; Iterating...
ARPSPOOFER; 2019-05-10 00:19:55; DEBUG; Iterating...
ARPSPOOFER; 2019-05-10 00:19:56; DEBUG; Iterating...
ARPSPOOFER; 2019-05-10 00:19:56; DEBUG; Iterating...
ARPSPOOFER; 2019-05-10 00:19:56; DEBUG; Iterating...
ARPSPOOFER; 2019-05-10 00:20:03; INFO; Initializing ARPspoofer...
ARPSPOOFER; 2019-05-10 00:20:03; INFO; Loading config...
ARPSPOOFER; 2019-05-10 00:20:03; WARNING; Used kernel ipv4 forwarding feature.
ARPSPOOFER; 2019-05-10 00:20:03; INFO; Kernel IPv4 forwarding enabled
ARPSPOOFER; 2019-05-10 00:20:03; CRITICAL; IP of gateway not specified! Using default one: 192.168.0.1
ARPSPOOFER; 2019-05-10 00:20:05; DEBUG; Iterating...
ARPSPOOFER; 2019-05-10 00:20:05; DEBUG; Iterating...
ARPSPOOFER; 2019-05-10 00:20:05; DEBUG; Iterating...
ARPSPOOFER; 2019-05-10 00:20:05; DEBUG; Iterating...
ARPSPOOFER; 2019-05-10 00:20:05; DEBUG; Iterating...
ARPSPOOFER; 2019-05-10 00:20:06; DEBUG; Iterating...
ARPSPOOFER; 2019-05-10 00:20:06; DEBUG; Iterating...
ARPSPOOFER; 2019-05-10 00:20:06; DEBUG; Iterating...
ARPSPOOFER; 2019-05-10 00:20:06; DEBUG; Iterating...
ARPSPOOFER; 2019-05-10 00:20:06; DEBUG; Iterating...
ARPSPOOFER; 2019-05-10 00:20:06; DEBUG; Iterating...
ARPSPOOFER; 2019-05-10 00:20:30; INFO; Initializing ARPspoofer...
ARPSPOOFER; 2019-05-10 00:20:30; INFO; Loading config...
ARPSPOOFER; 2019-05-10 00:20:30; WARNING; Used kernel ipv4 forwarding feature.
ARPSPOOFER; 2019-05-10 00:20:30; INFO; Kernel IPv4 forwarding enabled
ARPSPOOFER; 2019-05-10 00:20:30; CRITICAL; IP of gateway not specified! Using default one: 192.168.0.1
ARPSPOOFER; 2019-05-10 00:20:30; DEBUG; Iterating...
ARPSPOOFER; 2019-05-10 00:20:30; DEBUG; Iterating...
ARPSPOOFER; 2019-05-10 00:20:30; DEBUG; Iterating...
ARPSPOOFER; 2019-05-10 00:20:30; DEBUG; Iterating...
ARPSPOOFER; 2019-05-10 00:20:30; DEBUG; Iterating...
ARPSPOOFER; 2019-05-10 00:20:31; DEBUG; Iterating...
ARPSPOOFER; 2019-05-10 00:20:31; DEBUG; Iterating...
ARPSPOOFER; 2019-05-10 00:20:31; DEBUG; Iterating...
ARPSPOOFER; 2019-05-10 00:20:31; DEBUG; Iterating...
ARPSPOOFER; 2019-05-10 00:20:31; DEBUG; Iterating...
ARPSPOOFER; 2019-05-10 00:20:31; DEBUG; Iterating...
ARPSPOOFER; 2019-05-10 00:20:31; DEBUG; Iterating...
ARPSPOOFER; 2019-05-10 00:20:31; DEBUG; Iterating...
ARPSPOOFER; 2019-05-10 00:20:31; DEBUG; Iterating...
ARPSPOOFER; 2019-05-10 00:20:31; DEBUG; Iterating...
ARPSPOOFER; 2019-05-10 00:20:32; DEBUG; Iterating...
ARPSPOOFER; 2019-05-10 00:20:32; DEBUG; Iterating...
ARPSPOOFER; 2019-05-10 00:21:38; INFO; Initializing ARPspoofer...
ARPSPOOFER; 2019-05-10 00:21:38; INFO; Loading config...
ARPSPOOFER; 2019-05-10 00:21:38; WARNING; Used kernel ipv4 forwarding feature.
ARPSPOOFER; 2019-05-10 00:21:38; INFO; Kernel IPv4 forwarding enabled
ARPSPOOFER; 2019-05-10 00:21:38; CRITICAL; IP of gateway not specified! Using default one: 192.168.0.1
ARPSPOOFER; 2019-05-10 00:21:38; DEBUG; Iterating...
ARPSPOOFER; 2019-05-10 00:21:38; DEBUG; Iterating...
ARPSPOOFER; 2019-05-10 00:21:39; DEBUG; Iterating...
ARPSPOOFER; 2019-05-10 00:21:39; DEBUG; Iterating...
ARPSPOOFER; 2019-05-10 00:21:39; DEBUG; Iterating...
ARPSPOOFER; 2019-05-10 00:21:39; DEBUG; Iterating...
ARPSPOOFER; 2019-05-10 00:21:39; DEBUG; Iterating...
ARPSPOOFER; 2019-05-10 00:21:39; DEBUG; Iterating...
ARPSPOOFER; 2019-05-10 00:21:39; DEBUG; Iterating...
ARPSPOOFER; 2019-05-10 00:21:39; DEBUG; Iterating...
ARPSPOOFER; 2019-05-10 00:21:39; DEBUG; Iterating...
ARPSPOOFER; 2019-05-10 00:21:39; DEBUG; Iterating...
ARPSPOOFER; 2019-05-10 00:21:40; DEBUG; Iterating...
ARPSPOOFER; 2019-05-10 00:21:40; DEBUG; Iterating...
ARPSPOOFER; 2019-05-10 00:21:40; DEBUG; Iterating...
ARPSPOOFER; 2019-05-10 00:21:40; DEBUG; Iterating...
ARPSPOOFER; 2019-05-10 00:21:40; DEBUG; Iterating...
ARPSPOOFER; 2019-05-10 00:21:40; DEBUG; Iterating...
ARPSPOOFER; 2019-05-10 00:21:40; DEBUG; Iterating...
ARPSPOOFER; 2019-05-10 00:23:24; INFO; Initializing ARPspoofer...
ARPSPOOFER; 2019-05-10 00:23:24; INFO; Loading config...
ARPSPOOFER; 2019-05-10 00:23:24; WARNING; Used kernel ipv4 forwarding feature.
ARPSPOOFER; 2019-05-10 00:23:24; INFO; Kernel IPv4 forwarding enabled
ARPSPOOFER; 2019-05-10 00:23:24; CRITICAL; IP of gateway not specified! Using default one: 192.168.0.1
ARPSPOOFER; 2019-05-10 00:23:24; DEBUG; Iterating...
ARPSPOOFER; 2019-05-10 00:23:24; DEBUG; Iterating...
ARPSPOOFER; 2019-05-10 00:23:25; DEBUG; Iterating...
ARPSPOOFER; 2019-05-10 00:23:25; DEBUG; Iterating...
ARPSPOOFER; 2019-05-10 00:23:25; DEBUG; Iterating...
ARPSPOOFER; 2019-05-10 00:23:25; DEBUG; Iterating...
ARPSPOOFER; 2019-05-10 00:23:25; DEBUG; Iterating...
ARPSPOOFER; 2019-05-10 00:23:25; DEBUG; Iterating...
ARPSPOOFER; 2019-05-10 00:25:16; INFO; Initializing ARPspoofer...
ARPSPOOFER; 2019-05-10 00:25:16; INFO; Loading config...
ARPSPOOFER; 2019-05-10 00:25:16; WARNING; Used kernel ipv4 forwarding feature.
ARPSPOOFER; 2019-05-10 00:25:16; INFO; Kernel IPv4 forwarding enabled
ARPSPOOFER; 2019-05-10 00:25:16; CRITICAL; IP of gateway not specified! Using default one: 192.168.0.1
ARPSPOOFER; 2019-05-10 00:25:18; DEBUG; Iterating...
ARPSPOOFER; 2019-05-10 00:25:18; DEBUG; Iterating...
ARPSPOOFER; 2019-05-10 00:25:18; DEBUG; Iterating...
ARPSPOOFER; 2019-05-10 00:25:19; DEBUG; Iterating...
ARPSPOOFER; 2019-05-10 00:25:19; DEBUG; Iterating...
ARPSPOOFER; 2019-05-10 00:25:19; DEBUG; Iterating...
ARPSPOOFER; 2019-05-10 00:25:19; DEBUG; Iterating...
ARPSPOOFER; 2019-05-10 00:25:29; INFO; Initializing ARPspoofer...
ARPSPOOFER; 2019-05-10 00:25:29; INFO; Loading config...
ARPSPOOFER; 2019-05-10 00:25:29; WARNING; Used kernel ipv4 forwarding feature.
ARPSPOOFER; 2019-05-10 00:25:29; INFO; Kernel IPv4 forwarding enabled
ARPSPOOFER; 2019-05-10 00:25:29; CRITICAL; IP of gateway not specified! Using default one: 192.168.0.1
ARPSPOOFER; 2019-05-10 00:25:31; DEBUG; Iterating...
ARPSPOOFER; 2019-05-10 00:25:31; DEBUG; Iterating...
ARPSPOOFER; 2019-05-10 00:25:31; DEBUG; Iterating...
ARPSPOOFER; 2019-05-10 00:25:31; DEBUG; Iterating...
ARPSPOOFER; 2019-05-10 00:25:31; DEBUG; Iterating...
ARPSPOOFER; 2019-05-10 00:25:31; DEBUG; Iterating...
ARPSPOOFER; 2019-05-10 00:25:31; DEBUG; Iterating...
ARPSPOOFER; 2019-05-10 00:27:02; INFO; Initializing ARPspoofer...
ARPSPOOFER; 2019-05-10 00:27:02; INFO; Loading config...
ARPSPOOFER; 2019-05-10 00:27:02; WARNING; Used kernel ipv4 forwarding feature.
ARPSPOOFER; 2019-05-10 00:27:02; INFO; Kernel IPv4 forwarding enabled
ARPSPOOFER; 2019-05-10 00:27:02; CRITICAL; IP of gateway not specified! Using default one: 192.168.0.1
ARPSPOOFER; 2019-05-10 00:27:02; DEBUG; Iterating...
ARPSPOOFER; 2019-05-10 00:27:02; DEBUG; Iterating...
ARPSPOOFER; 2019-05-10 00:27:02; DEBUG; Iterating...
ARPSPOOFER; 2019-05-10 00:27:02; DEBUG; Iterating...
ARPSPOOFER; 2019-05-10 00:27:02; DEBUG; Iterating...
ARPSPOOFER; 2019-05-10 00:27:02; DEBUG; Iterating...
ARPSPOOFER; 2019-05-10 00:27:03; DEBUG; Iterating...
ARPSPOOFER; 2019-05-10 00:27:03; DEBUG; Iterating...
ARPSPOOFER; 2019-05-10 00:27:03; DEBUG; Iterating...
ARPSPOOFER; 2019-05-10 00:27:03; DEBUG; Iterating...
ARPSPOOFER; 2019-05-10 00:27:03; DEBUG; Iterating...
ARPSPOOFER; 2019-05-10 00:27:03; DEBUG; Iterating...
ARPSPOOFER; 2019-05-10 00:27:28; INFO; Initializing ARPspoofer...
ARPSPOOFER; 2019-05-10 00:27:28; INFO; Loading config...
ARPSPOOFER; 2019-05-10 00:27:28; WARNING; Used kernel ipv4 forwarding feature.
ARPSPOOFER; 2019-05-10 00:27:28; INFO; Kernel IPv4 forwarding enabled
ARPSPOOFER; 2019-05-10 00:27:28; CRITICAL; IP of gateway not specified! Using default one: 192.168.0.1
ARPSPOOFER; 2019-05-10 00:27:28; DEBUG; Iterating...
ARPSPOOFER; 2019-05-10 00:27:28; DEBUG; Iterating...
ARPSPOOFER; 2019-05-10 00:27:28; DEBUG; Iterating...
ARPSPOOFER; 2019-05-10 00:27:28; DEBUG; Iterating...
ARPSPOOFER; 2019-05-10 00:27:29; DEBUG; Iterating...
ARPSPOOFER; 2019-05-10 00:27:29; DEBUG; Iterating...
ARPSPOOFER; 2019-05-10 00:27:29; DEBUG; Iterating...
ARPSPOOFER; 2019-05-10 00:27:29; DEBUG; Iterating...
ARPSPOOFER; 2019-05-10 00:27:29; DEBUG; Iterating...
ARPSPOOFER; 2019-05-10 00:27:29; DEBUG; Iterating...
ARPSPOOFER; 2019-05-10 00:27:29; DEBUG; Iterating...
ARPSPOOFER; 2019-05-10 00:27:29; DEBUG; Iterating...
ARPSPOOFER; 2019-05-10 00:27:29; DEBUG; Iterating...
ARPSPOOFER; 2019-05-10 00:27:29; DEBUG; Iterating...
ARPSPOOFER; 2019-05-10 00:27:30; DEBUG; Iterating...
ARPSPOOFER; 2019-05-10 00:28:59; INFO; Initializing ARPspoofer...
ARPSPOOFER; 2019-05-10 00:28:59; INFO; Loading config...
ARPSPOOFER; 2019-05-10 00:28:59; WARNING; Used kernel ipv4 forwarding feature.
ARPSPOOFER; 2019-05-10 00:28:59; INFO; Kernel IPv4 forwarding enabled
ARPSPOOFER; 2019-05-10 00:28:59; CRITICAL; IP of gateway not specified! Using default one: 192.168.0.1
ARPSPOOFER; 2019-05-10 00:29:00; DEBUG; Iterating...
ARPSPOOFER; 2019-05-10 00:29:00; DEBUG; Iterating...
ARPSPOOFER; 2019-05-10 00:29:00; DEBUG; Iterating...
ARPSPOOFER; 2019-05-10 00:29:00; DEBUG; Iterating...
ARPSPOOFER; 2019-05-10 00:29:00; DEBUG; Iterating...
ARPSPOOFER; 2019-05-10 00:29:00; DEBUG; Iterating...
ARPSPOOFER; 2019-05-10 00:29:00; DEBUG; Iterating...
ARPSPOOFER; 2019-05-10 00:29:00; DEBUG; Iterating...
ARPSPOOFER; 2019-05-10 00:29:00; DEBUG; Iterating...
ARPSPOOFER; 2019-05-10 00:29:01; DEBUG; Iterating...
ARPSPOOFER; 2019-05-10 00:32:41; INFO; Initializing ARPspoofer...
ARPSPOOFER; 2019-05-10 00:32:41; INFO; Loading config...
ARPSPOOFER; 2019-05-10 00:32:41; WARNING; Used kernel ipv4 forwarding feature.
ARPSPOOFER; 2019-05-10 00:32:41; INFO; Kernel IPv4 forwarding enabled
ARPSPOOFER; 2019-05-10 00:32:41; CRITICAL; IP of gateway not specified! Using default one: 192.168.0.1
ARPSPOOFER; 2019-05-10 00:32:41; DEBUG; Iterating...
ARPSPOOFER; 2019-05-10 00:32:41; DEBUG; Iterating...
ARPSPOOFER; 2019-05-10 00:32:41; DEBUG; Iterating...
ARPSPOOFER; 2019-05-10 00:32:41; DEBUG; Iterating...
ARPSPOOFER; 2019-05-10 00:32:41; DEBUG; Iterating...
ARPSPOOFER; 2019-05-10 00:32:41; DEBUG; Iterating...
ARPSPOOFER; 2019-05-10 00:32:41; DEBUG; Iterating...
ARPSPOOFER; 2019-05-10 00:32:42; DEBUG; Iterating...
ARPSPOOFER; 2019-05-10 00:32:42; DEBUG; Iterating...
DNSSPOOFER; 2019-05-10 00:32:42; DEBUG; Reverting iptables rules!
ARPSPOOFER; 2019-05-10 00:34:12; INFO; Initializing ARPspoofer...
ARPSPOOFER; 2019-05-10 00:34:12; INFO; Loading config...
ARPSPOOFER; 2019-05-10 00:34:12; WARNING; Used kernel ipv4 forwarding feature.
ARPSPOOFER; 2019-05-10 00:34:12; INFO; Kernel IPv4 forwarding enabled
ARPSPOOFER; 2019-05-10 00:34:12; CRITICAL; IP of gateway not specified! Using default one: 192.168.0.1
ARPSPOOFER; 2019-05-10 00:34:12; DEBUG; Iterating...
ARPSPOOFER; 2019-05-10 00:34:12; DEBUG; Iterating...
ARPSPOOFER; 2019-05-10 00:34:13; DEBUG; Iterating...
ARPSPOOFER; 2019-05-10 00:34:13; DEBUG; Iterating...
ARPSPOOFER; 2019-05-10 00:34:13; DEBUG; Iterating...
ARPSPOOFER; 2019-05-10 00:34:13; DEBUG; Iterating...
ARPSPOOFER; 2019-05-10 00:34:13; DEBUG; Iterating...
ARPSPOOFER; 2019-05-10 00:34:13; DEBUG; Iterating...
ARPSPOOFER; 2019-05-10 00:34:13; DEBUG; Iterating...
ARPSPOOFER; 2019-05-10 00:34:13; DEBUG; Iterating...
ARPSPOOFER; 2019-05-10 00:34:13; DEBUG; Iterating...
ARPSPOOFER; 2019-05-10 00:34:13; DEBUG; Iterating...
ARPSPOOFER; 2019-05-10 00:34:14; DEBUG; Iterating...
ARPSPOOFER; 2019-05-10 00:34:14; DEBUG; Iterating...
ARPSPOOFER; 2019-05-10 00:34:14; DEBUG; Iterating...
ARPSPOOFER; 2019-05-10 00:34:14; DEBUG; Iterating...
ARPSPOOFER; 2019-05-10 00:34:14; DEBUG; Iterating...
ARPSPOOFER; 2019-05-10 00:34:14; DEBUG; Iterating...
ARPSPOOFER; 2019-05-10 00:34:14; DEBUG; Iterating...
ARPSPOOFER; 2019-05-10 00:34:14; DEBUG; Iterating...
ARPSPOOFER; 2019-05-10 00:34:14; DEBUG; Iterating...
ARPSPOOFER; 2019-05-10 00:34:15; DEBUG; Iterating...
ARPSPOOFER; 2019-05-10 00:34:15; DEBUG; Iterating...
ARPSPOOFER; 2019-05-10 00:34:15; DEBUG; Iterating...
ARPSPOOFER; 2019-05-10 00:34:15; DEBUG; Iterating...
ARPSPOOFER; 2019-05-10 00:34:15; DEBUG; Iterating...
ARPSPOOFER; 2019-05-10 00:34:15; DEBUG; Iterating...
ARPSPOOFER; 2019-05-10 00:34:15; DEBUG; Iterating...
ARPSPOOFER; 2019-05-10 00:34:15; DEBUG; Iterating...
ARPSPOOFER; 2019-05-10 00:34:15; DEBUG; Iterating...
ARPSPOOFER; 2019-05-10 00:34:15; DEBUG; Iterating...
ARPSPOOFER; 2019-05-10 00:34:16; DEBUG; Iterating...
ARPSPOOFER; 2019-05-10 00:34:16; DEBUG; Iterating...
ARPSPOOFER; 2019-05-10 00:34:16; DEBUG; Iterating...
ARPSPOOFER; 2019-05-10 00:34:16; DEBUG; Iterating...
ARPSPOOFER; 2019-05-10 00:34:16; DEBUG; Iterating...
ARPSPOOFER; 2019-05-10 00:34:16; DEBUG; Iterating...
ARPSPOOFER; 2019-05-10 00:34:16; DEBUG; Iterating...
ARPSPOOFER; 2019-05-10 00:34:16; DEBUG; Iterating...
ARPSPOOFER; 2019-05-10 00:34:16; DEBUG; Iterating...
ARPSPOOFER; 2019-05-10 00:34:16; DEBUG; Iterating...
ARPSPOOFER; 2019-05-10 00:34:17; DEBUG; Iterating...
ARPSPOOFER; 2019-05-10 00:34:17; DEBUG; Iterating...
ARPSPOOFER; 2019-05-10 00:34:17; DEBUG; Iterating...
ARPSPOOFER; 2019-05-10 00:34:17; DEBUG; Iterating...
ARPSPOOFER; 2019-05-10 00:34:17; DEBUG; Iterating...
ARPSPOOFER; 2019-05-10 00:34:17; DEBUG; Iterating...
ARPSPOOFER; 2019-05-10 00:34:17; DEBUG; Iterating...
ARPSPOOFER; 2019-05-10 00:34:17; DEBUG; Iterating...
ARPSPOOFER; 2019-05-10 00:34:17; DEBUG; Iterating...
ARPSPOOFER; 2019-05-10 00:34:17; DEBUG; Iterating...
ARPSPOOFER; 2019-05-10 00:34:18; DEBUG; Iterating...
ARPSPOOFER; 2019-05-10 00:34:18; DEBUG; Iterating...
ARPSPOOFER; 2019-05-10 00:34:18; DEBUG; Iterating...
ARPSPOOFER; 2019-05-10 00:34:18; DEBUG; Iterating...
ARPSPOOFER; 2019-05-10 00:34:18; DEBUG; Iterating...
ARPSPOOFER; 2019-05-10 00:34:18; DEBUG; Iterating...
ARPSPOOFER; 2019-05-10 00:34:18; DEBUG; Iterating...
ARPSPOOFER; 2019-05-10 00:34:18; DEBUG; Iterating...
ARPSPOOFER; 2019-05-10 00:34:18; DEBUG; Iterating...
ARPSPOOFER; 2019-05-10 00:34:18; DEBUG; Iterating...
ARPSPOOFER; 2019-05-10 00:34:19; DEBUG; Iterating...
ARPSPOOFER; 2019-05-10 00:34:19; DEBUG; Iterating...
ARPSPOOFER; 2019-05-10 00:34:19; DEBUG; Iterating...
ARPSPOOFER; 2019-05-10 00:34:19; DEBUG; Iterating...
ARPSPOOFER; 2019-05-10 00:34:19; DEBUG; Iterating...
ARPSPOOFER; 2019-05-10 00:34:19; DEBUG; Iterating...
ARPSPOOFER; 2019-05-10 00:34:19; DEBUG; Iterating...
ARPSPOOFER; 2019-05-10 00:34:19; DEBUG; Iterating...
ARPSPOOFER; 2019-05-10 00:34:19; DEBUG; Iterating...
ARPSPOOFER; 2019-05-10 00:34:19; DEBUG; Iterating...
ARPSPOOFER; 2019-05-10 00:34:20; DEBUG; Iterating...
ARPSPOOFER; 2019-05-10 00:34:20; DEBUG; Iterating...
ARPSPOOFER; 2019-05-10 00:34:20; DEBUG; Iterating...
ARPSPOOFER; 2019-05-10 00:34:20; DEBUG; Iterating...
ARPSPOOFER; 2019-05-10 00:34:20; DEBUG; Iterating...
ARPSPOOFER; 2019-05-10 00:34:20; DEBUG; Iterating...
ARPSPOOFER; 2019-05-10 00:34:20; DEBUG; Iterating...
ARPSPOOFER; 2019-05-10 00:34:20; DEBUG; Iterating...
ARPSPOOFER; 2019-05-10 00:34:20; DEBUG; Iterating...
ARPSPOOFER; 2019-05-10 00:34:20; DEBUG; Iterating...
ARPSPOOFER; 2019-05-10 00:34:21; DEBUG; Iterating...
ARPSPOOFER; 2019-05-10 00:34:21; DEBUG; Iterating...
ARPSPOOFER; 2019-05-10 00:34:21; DEBUG; Iterating...
ARPSPOOFER; 2019-05-10 00:34:21; DEBUG; Iterating...
ARPSPOOFER; 2019-05-10 00:34:21; DEBUG; Iterating...
ARPSPOOFER; 2019-05-10 00:34:21; DEBUG; Iterating...
ARPSPOOFER; 2019-05-10 00:34:21; DEBUG; Iterating...
ARPSPOOFER; 2019-05-10 00:34:21; DEBUG; Iterating...
ARPSPOOFER; 2019-05-10 00:34:21; DEBUG; Iterating...
ARPSPOOFER; 2019-05-10 00:34:21; DEBUG; Iterating...
ARPSPOOFER; 2019-05-10 00:34:22; DEBUG; Iterating...
ARPSPOOFER; 2019-05-10 00:34:22; DEBUG; Iterating...
ARPSPOOFER; 2019-05-10 00:34:22; DEBUG; Iterating...
ARPSPOOFER; 2019-05-10 00:34:22; DEBUG; Iterating...
ARPSPOOFER; 2019-05-10 00:34:22; DEBUG; Iterating...
ARPSPOOFER; 2019-05-10 00:34:22; DEBUG; Iterating...
ARPSPOOFER; 2019-05-10 00:34:22; DEBUG; Iterating...
ARPSPOOFER; 2019-05-10 00:34:22; DEBUG; Iterating...
ARPSPOOFER; 2019-05-10 00:34:22; DEBUG; Iterating...
ARPSPOOFER; 2019-05-10 00:34:22; DEBUG; Iterating...
ARPSPOOFER; 2019-05-10 00:34:23; DEBUG; Iterating...
ARPSPOOFER; 2019-05-10 00:34:23; DEBUG; Iterating...
ARPSPOOFER; 2019-05-10 00:34:23; DEBUG; Iterating...
ARPSPOOFER; 2019-05-10 00:34:23; DEBUG; Iterating...
ARPSPOOFER; 2019-05-10 00:34:23; DEBUG; Iterating...
ARPSPOOFER; 2019-05-10 00:34:23; DEBUG; Iterating...
DNSSPOOFER; 2019-05-10 00:34:23; DEBUG; Reverting iptables rules!
ARPSPOOFER; 2019-05-10 00:36:00; INFO; Initializing ARPspoofer...
ARPSPOOFER; 2019-05-10 00:36:00; INFO; Loading config...
ARPSPOOFER; 2019-05-10 00:36:00; WARNING; Used kernel ipv4 forwarding feature.
ARPSPOOFER; 2019-05-10 00:36:00; INFO; Kernel IPv4 forwarding enabled
ARPSPOOFER; 2019-05-10 00:36:00; CRITICAL; IP of gateway not specified! Using default one: 192.168.0.1
ARPSPOOFER; 2019-05-10 00:36:00; DEBUG; Iterating...
ARPSPOOFER; 2019-05-10 00:36:00; DEBUG; Iterating...
ARPSPOOFER; 2019-05-10 00:36:01; DEBUG; Iterating...
ARPSPOOFER; 2019-05-10 00:36:01; DEBUG; Iterating...
ARPSPOOFER; 2019-05-10 00:36:01; DEBUG; Iterating...
ARPSPOOFER; 2019-05-10 00:36:01; DEBUG; Iterating...
ARPSPOOFER; 2019-05-10 00:36:01; DEBUG; Iterating...
ARPSPOOFER; 2019-05-10 00:36:01; DEBUG; Iterating...
DNSSPOOFER; 2019-05-10 00:36:01; DEBUG; Reverting iptables rules!
ARPSPOOFER; 2019-05-10 00:40:14; INFO; Initializing ARPspoofer...
ARPSPOOFER; 2019-05-10 00:40:14; INFO; Loading config...
ARPSPOOFER; 2019-05-10 00:40:14; WARNING; Used kernel ipv4 forwarding feature.
ARPSPOOFER; 2019-05-10 00:40:14; INFO; Kernel IPv4 forwarding enabled
ARPSPOOFER; 2019-05-10 00:40:14; CRITICAL; IP of gateway not specified! Using default one: 192.168.0.1
ARPSPOOFER; 2019-05-10 00:40:14; DEBUG; Iterating...
ARPSPOOFER; 2019-05-10 00:40:14; DEBUG; Iterating...
ARPSPOOFER; 2019-05-10 00:40:14; DEBUG; Iterating...
ARPSPOOFER; 2019-05-10 00:40:14; DEBUG; Iterating...
ARPSPOOFER; 2019-05-10 00:40:14; DEBUG; Iterating...
ARPSPOOFER; 2019-05-10 00:40:14; DEBUG; Iterating...
ARPSPOOFER; 2019-05-10 00:40:15; DEBUG; Iterating...
ARPSPOOFER; 2019-05-10 00:40:15; DEBUG; Iterating...
ARPSPOOFER; 2019-05-10 00:40:15; DEBUG; Iterating...
DNSSPOOFER; 2019-05-10 00:40:15; DEBUG; Reverting iptables rules!
ARPSPOOFER; 2019-05-10 00:40:53; INFO; Initializing ARPspoofer...
ARPSPOOFER; 2019-05-10 00:40:53; INFO; Loading config...
ARPSPOOFER; 2019-05-10 00:40:53; WARNING; Used kernel ipv4 forwarding feature.
ARPSPOOFER; 2019-05-10 00:40:53; INFO; Kernel IPv4 forwarding enabled
ARPSPOOFER; 2019-05-10 00:40:53; CRITICAL; IP of gateway not specified! Using default one: 192.168.0.1
ARPSPOOFER; 2019-05-10 00:40:53; DEBUG; Iterating...
ARPSPOOFER; 2019-05-10 00:40:53; DEBUG; Iterating...
ARPSPOOFER; 2019-05-10 00:40:53; DEBUG; Iterating...
ARPSPOOFER; 2019-05-10 00:40:53; DEBUG; Iterating...
ARPSPOOFER; 2019-05-10 00:40:53; DEBUG; Iterating...
ARPSPOOFER; 2019-05-10 00:40:53; DEBUG; Iterating...
ARPSPOOFER; 2019-05-10 00:40:54; DEBUG; Iterating...
DNSSPOOFER; 2019-05-10 00:40:54; DEBUG; Reverting iptables rules!
ARPSPOOFER; 2019-05-10 00:41:48; INFO; Initializing ARPspoofer...
ARPSPOOFER; 2019-05-10 00:41:48; INFO; Loading config...
ARPSPOOFER; 2019-05-10 00:41:48; WARNING; Used kernel ipv4 forwarding feature.
ARPSPOOFER; 2019-05-10 00:41:48; INFO; Kernel IPv4 forwarding enabled
ARPSPOOFER; 2019-05-10 00:41:48; CRITICAL; IP of gateway not specified! Using default one: 192.168.0.1
ARPSPOOFER; 2019-05-10 00:41:50; DEBUG; Iterating...
DNSSPOOFER; 2019-05-10 00:41:50; DEBUG; Reverting iptables rules!
ARPSPOOFER; 2019-05-10 00:43:36; INFO; Initializing ARPspoofer...
ARPSPOOFER; 2019-05-10 00:43:36; INFO; Loading config...
ARPSPOOFER; 2019-05-10 00:43:36; WARNING; Used kernel ipv4 forwarding feature.
ARPSPOOFER; 2019-05-10 00:43:36; INFO; Kernel IPv4 forwarding enabled
ARPSPOOFER; 2019-05-10 00:43:36; CRITICAL; IP of gateway not specified! Using default one: 192.168.0.1
ARPSPOOFER; 2019-05-10 00:43:36; DEBUG; Iterating...
ARPSPOOFER; 2019-05-10 00:43:36; DEBUG; Iterating...
ARPSPOOFER; 2019-05-10 00:43:36; DEBUG; Iterating...
ARPSPOOFER; 2019-05-10 00:43:37; DEBUG; Iterating...
ARPSPOOFER; 2019-05-10 00:43:37; DEBUG; Iterating...
ARPSPOOFER; 2019-05-10 00:43:37; DEBUG; Iterating...
ARPSPOOFER; 2019-05-10 00:43:37; DEBUG; Iterating...
ARPSPOOFER; 2019-05-10 00:43:37; DEBUG; Iterating...
DNSSPOOFER; 2019-05-10 00:43:37; DEBUG; Reverting iptables rules!
ARPSPOOFER; 2019-05-10 00:44:58; INFO; Initializing ARPspoofer...
ARPSPOOFER; 2019-05-10 00:44:58; INFO; Loading config...
ARPSPOOFER; 2019-05-10 00:44:58; WARNING; Used kernel ipv4 forwarding feature.
ARPSPOOFER; 2019-05-10 00:44:58; INFO; Kernel IPv4 forwarding enabled
ARPSPOOFER; 2019-05-10 00:44:58; CRITICAL; IP of gateway not specified! Using default one: 192.168.0.1
ARPSPOOFER; 2019-05-10 00:45:01; DEBUG; Iterating...
ARPSPOOFER; 2019-05-10 00:45:01; DEBUG; Iterating...
ARPSPOOFER; 2019-05-10 00:45:01; DEBUG; Iterating...
ARPSPOOFER; 2019-05-10 00:45:01; DEBUG; Iterating...
ARPSPOOFER; 2019-05-10 00:45:01; DEBUG; Iterating...
ARPSPOOFER; 2019-05-10 00:45:01; DEBUG; Iterating...
ARPSPOOFER; 2019-05-10 00:45:01; DEBUG; Iterating...
ARPSPOOFER; 2019-05-10 00:45:01; DEBUG; Iterating...
ARPSPOOFER; 2019-05-10 00:45:01; DEBUG; Iterating...
ARPSPOOFER; 2019-05-10 00:45:01; DEBUG; Iterating...
ARPSPOOFER; 2019-05-10 00:45:02; DEBUG; Iterating...
ARPSPOOFER; 2019-05-10 00:45:02; DEBUG; Iterating...
ARPSPOOFER; 2019-05-10 00:45:02; DEBUG; Iterating...
ARPSPOOFER; 2019-05-10 00:45:02; DEBUG; Iterating...
ARPSPOOFER; 2019-05-10 00:45:02; DEBUG; Iterating...
ARPSPOOFER; 2019-05-10 00:45:02; DEBUG; Iterating...
ARPSPOOFER; 2019-05-10 00:45:02; DEBUG; Iterating...
ARPSPOOFER; 2019-05-10 00:45:02; DEBUG; Iterating...
ARPSPOOFER; 2019-05-10 00:45:02; DEBUG; Iterating...
ARPSPOOFER; 2019-05-10 00:45:02; DEBUG; Iterating...
ARPSPOOFER; 2019-05-10 00:45:03; DEBUG; Iterating...
ARPSPOOFER; 2019-05-10 00:45:03; DEBUG; Iterating...
ARPSPOOFER; 2019-05-10 00:45:03; DEBUG; Iterating...
ARPSPOOFER; 2019-05-10 00:45:03; DEBUG; Iterating...
ARPSPOOFER; 2019-05-10 00:45:03; DEBUG; Iterating...
ARPSPOOFER; 2019-05-10 00:45:03; DEBUG; Iterating...
ARPSPOOFER; 2019-05-10 00:45:03; DEBUG; Iterating...
ARPSPOOFER; 2019-05-10 00:45:03; DEBUG; Iterating...
ARPSPOOFER; 2019-05-10 00:45:03; DEBUG; Iterating...
ARPSPOOFER; 2019-05-10 00:45:03; DEBUG; Iterating...
ARPSPOOFER; 2019-05-10 00:45:04; DEBUG; Iterating...
ARPSPOOFER; 2019-05-10 00:45:04; DEBUG; Iterating...
ARPSPOOFER; 2019-05-10 00:45:04; DEBUG; Iterating...
ARPSPOOFER; 2019-05-10 00:45:04; DEBUG; Iterating...
ARPSPOOFER; 2019-05-10 00:45:04; DEBUG; Iterating...
ARPSPOOFER; 2019-05-10 00:45:04; DEBUG; Iterating...
ARPSPOOFER; 2019-05-10 00:45:04; DEBUG; Iterating...
DNSSPOOFER; 2019-05-10 00:45:04; DEBUG; Reverting iptables rules!
